#  it.    Lx     Ly     Lz        N      place  th. proc.     t_plan   t_prep   t_dmmy   t_calc  GFLOPS
    20   1200   1200   1200      1728000000 T    1 1200       38.377    0.005    1.708    6.908   767.606
    40   1200   1200   1200      1728000000 T    1 1200       40.554    0.007    1.694   13.771   770.114
   100   1200   1200   1200      1728000000 T    1 1200       40.707    0.006    1.706   34.038   778.926
   200   1200   1200   1200      1728000000 T    1 1200       43.346    0.007    1.697   68.069   779.007
    20   1200   1200   1200      1728000000 F    1 1200       45.271    0.007    1.722    6.848   774.331
    40   1200   1200   1200      1728000000 F    1 1200       41.198    0.006    1.710   13.608   779.339
   100   1200   1200   1200      1728000000 F    1 1200       42.151    0.007    1.699   33.490   791.672
   200   1200   1200   1200      1728000000 F    1 1200       40.731    0.006    1.698   69.747   760.265
    20   2400   2400   2400     13824000000 T    1 1200       16.828    0.054   52.362   56.880   818.709
    40   2400   2400   2400     13824000000 T    1 1200       16.864    0.054   58.635  113.338   821.757
   100   2400   2400   2400     13824000000 T    1 1200       16.776    0.054   63.311  285.416   815.794
   200   2400   2400   2400     13824000000 T    1 1200       16.789    0.053   60.154  568.195   819.581
    20   2400   2400   2400     13824000000 F    1 1200       13.294    0.054   70.057   58.435   796.922
    40   2400   2400   2400     13824000000 F    1 1200       13.233    0.053   55.962  117.162   794.936
   100   2400   2400   2400     13824000000 F    1 1200       13.190    0.054   61.232  293.156   794.256
   200   2400   2400   2400     13824000000 F    1 1200       13.247    0.053   59.921  585.868   794.857
    10   3600   3600   3600     46656000000 T    1 1200       34.115    0.181   63.425  100.038   826.462
    20   3600   3600   3600     46656000000 T    1 1200       34.185    0.181   66.551  198.650   832.394
    10   3600   3600   3600     46656000000 F    1 1200       27.046    0.181   66.818  110.515   748.112
    20   3600   3600   3600     46656000000 F    1 1200       27.091    0.180   72.331  220.757   749.037
