# htcf10c04p08
#  it.    Lx     Ly     Lz        N      place  th. proc.     t_plan   t_prep   t_itr0   t_calc  GFLOPS
   100   1024   1024   1024      1073741824 T    1 1024        3.700    0.000    0.550    8.600  1872.806
   200   1024   1024   1024      1073741824 T    1 1024        3.370    0.000    0.540   17.310  1860.904
   100   1024   1024   1024      1073741824 F    1 1024        3.100    0.000    0.540    8.750  1840.700
   200   1024   1024   1024      1073741824 F    1 1024        3.030    0.000    0.550   17.450  1845.974
    50   2048   2048   2048      8589934592 T    1 1024        3.540    0.010    5.540   43.530  1628.003
   100   2048   2048   2048      8589934592 T    1 1024        3.580    0.010    5.360   89.850  1577.450
    50   2048   2048   2048      8589934592 F    1 1024        2.160    0.020    7.950   43.330  1635.517
   100   2048   2048   2048      8589934592 F    1 1024        2.210    0.010    5.660   84.850  1670.406
    50   3072   3072   3072     28991029248 T    1 1024       14.360    0.050   15.400  141.690  1777.789
   100   3072   3072   3072     28991029248 T    1 1024       14.270    0.040   13.230  282.380  1784.085
    50   3072   3072   3072     28991029248 F    1 1024        9.950    0.050   13.220  145.200  1734.814
   100   3072   3072   3072     28991029248 F    1 1024       10.110    0.040   21.580  292.300  1723.537
    10   4096   4096   4096     68719476736 T    1 1024       13.540    0.100   29.460   85.130  1453.014
    20   4096   4096   4096     68719476736 T    1 1024       13.610    0.100   33.370  170.390  1451.905
    10   4096   4096   4096     68719476736 F    1 1024        9.070    0.100   34.700   83.550  1480.491
    20   4096   4096   4096     68719476736 F    1 1024        8.930    0.110   41.120  167.660  1475.546
    10   5120   5120   5120    134217728000 T    1 1024       20.430    0.210   27.500  152.050  1631.524
    20   5120   5120   5120    134217728000 T    1 1024       20.380    0.210   51.810  306.490  1618.801
    10   5120   5120   5120    134217728000 F    1 1024       14.900    0.210   27.490  151.260  1640.045
    20   5120   5120   5120    134217728000 F    1 1024       14.800    0.210   44.420  302.390  1640.750
